2022-05-29 00:53:48,356 - INFO - zz4 truy cแบญp - khรดng hแบกn chแบฟ ๐๐
2022-05-29 00:57:53,615 - INFO - zz4 truy cแบญp - khรดng hแบกn chแบฟ ๐๐
2022-05-29 00:57:56,093 - WARNING - Thแบฑng lแบก nรo ฤแปnh cแบกy kรฉt nรy ๐๐๐ ?!!
2022-05-29 00:58:00,376 - WARNING - Thแบฑng lแบก nรo ฤแปnh cแบกy kรฉt nรy ๐๐๐ ?!!
2022-05-29 00:58:03,227 - INFO - zz4 truy cแบญp - khรดng hแบกn chแบฟ ๐๐
2022-05-29 01:03:46,294 - INFO - vu truy cแบญp - khรดng hแบกn chแบฟ ๐๐
2022-05-29 01:04:00,547 - INFO - vu truy cแบญp - khรดng hแบกn chแบฟ ๐๐
2022-05-29 21:40:52,746 - INFO - vuu truy cแบญp - khรดng hแบกn chแบฟ ๐๐
2022-05-29 21:40:52,992 - INFO - justin truy cแบญp - khรดng hแบกn chแบฟ ๐๐
2022-05-29 21:40:53,197 - WARNING - Thแบฑng lแบก nรo ฤแปnh cแบกy kรฉt nรy ๐๐๐ ?!!
2022-05-29 21:41:00,510 - INFO - vuu truy cแบญp - khรดng hแบกn chแบฟ ๐๐
2022-05-29 21:41:01,340 - WARNING - Thแบฑng lแบก nรo ฤแปnh cแบกy kรฉt nรy ๐๐๐ ?!!
2022-05-29 21:41:02,840 - INFO - justin truy cแบญp - khรดng hแบกn chแบฟ ๐๐
2022-05-29 21:43:01,684 - INFO - vuu truy cแบญp - khรดng hแบกn chแบฟ ๐๐
2022-05-29 21:43:03,023 - INFO - vu2 truy cแบญp - khรดng hแบกn chแบฟ ๐๐
2022-05-29 21:43:28,644 - WARNING - Thแบฑng lแบก nรo ฤแปnh cแบกy kรฉt nรy ๐๐๐ ?!!
2022-05-29 21:46:49,121 - WARNING - Thแบฑng lแบก nรo ฤแปnh cแบกy kรฉt nรy ๐๐๐ ?!!
2022-05-29 21:47:00,827 - WARNING - Thแบฑng lแบก nรo ฤแปnh cแบกy kรฉt nรy ๐๐๐ ?!!
2022-05-29 21:47:03,122 - INFO - kit-harington truy cแบญp - khรดng hแบกn chแบฟ ๐๐
2022-05-29 21:47:03,626 - INFO - vu1 truy cแบญp - khรดng hแบกn chแบฟ ๐๐
2022-05-30 01:31:49,157 - INFO - yyy truy cแบญp - khรดng hแบกn chแบฟ ๐๐
2022-05-30 01:32:00,616 - INFO - yyy truy cแบญp - khรดng hแบกn chแบฟ ๐๐
2022-05-30 01:34:06,856 - INFO - zzz truy cแบญp - khรดng hแบกn chแบฟ ๐๐
2022-05-30 01:34:19,653 - INFO - yyy truy cแบญp - khรดng hแบกn chแบฟ ๐๐
2022-06-02 20:25:02,077 - WARNING - Thแบฑng lแบก nรo ฤแปnh cแบกy kรฉt nรy ๐๐๐ ?!!
2022-06-02 20:54:06,650 - WARNING - Thแบฑng lแบก nรo ฤแปnh cแบกy kรฉt nรy ๐๐๐ ?!!
2022-06-02 20:55:00,487 - WARNING - Thแบฑng lแบก nรo ฤแปnh cแบกy kรฉt nรy ๐๐๐ ?!!
2022-06-02 20:55:56,834 - INFO - vu3 truy cแบญp - khรดng hแบกn chแบฟ ๐๐
2022-06-02 20:55:58,001 - INFO - vu123 truy cแบญp - khรดng hแบกn chแบฟ ๐๐
2022-06-02 20:56:00,259 - INFO - vu123 truy cแบญp - khรดng hแบกn chแบฟ ๐๐
2022-06-02 20:56:01,665 - INFO - kit-harington truy cแบญp - khรดng hแบกn chแบฟ ๐๐
2022-06-02 20:56:02,847 - INFO - vu3 truy cแบญp - khรดng hแบกn chแบฟ ๐๐
2022-06-02 21:40:52,906 - INFO - vutesst truy cแบญp - khรดng hแบกn chแบฟ ๐๐
2022-06-02 21:40:55,413 - WARNING - Thแบฑng lแบก nรo ฤแปnh cแบกy kรฉt nรy ๐๐๐ ?!!
2022-06-02 21:41:00,481 - WARNING - Thแบฑng lแบก nรo ฤแปnh cแบกy kรฉt nรy ๐๐๐ ?!!
2022-06-02 21:48:32,063 - INFO - vutesst truy cแบญp - khรดng hแบกn chแบฟ ๐๐
2022-06-02 21:48:33,016 - WARNING - Thแบฑng lแบก nรo ฤแปnh cแบกy kรฉt nรy ๐๐๐ ?!!
2022-06-02 21:50:37,157 - INFO - vu31 truy cแบญp - khรดng hแบกn chแบฟ ๐๐
2022-06-02 21:50:38,269 - INFO - vutesst truy cแบญp - khรดng hแบกn chแบฟ ๐๐
2022-06-02 21:50:46,700 - WARNING - Thแบฑng lแบก nรo ฤแปnh cแบกy kรฉt nรy ๐๐๐ ?!!
2022-06-02 21:51:00,453 - INFO - vu31 truy cแบญp - khรดng hแบกn chแบฟ ๐๐
2022-06-02 21:51:00,855 - INFO - vutesst truy cแบญp - khรดng hแบกn chแบฟ ๐๐
2022-06-02 21:51:02,358 - WARNING - Thแบฑng lแบก nรo ฤแปnh cแบกy kรฉt nรy ๐๐๐ ?!!
2022-06-08 15:21:03,210 - WARNING - Thแบฑng lแบก nรo ฤแปnh cแบกy kรฉt nรy ๐๐๐ ?!!
2022-06-08 15:21:03,531 - INFO - nikolaj-coster-waldau truy cแบญp - khรดng hแบกn chแบฟ ๐๐
2022-06-08 15:21:10,595 - INFO - kit-harington truy cแบญp - khรดng hแบกn chแบฟ ๐๐
2022-06-08 15:21:11,836 - INFO - justin truy cแบญp - khรดng hแบกn chแบฟ ๐๐
2022-06-08 15:23:40,547 - INFO - valentines truy cแบญp - khรดng hแบกn chแบฟ ๐๐
2022-06-08 15:23:45,973 - INFO - justin truy cแบญp - khรดng hแบกn chแบฟ ๐๐
2022-06-08 15:24:00,650 - INFO - valentines truy cแบญp - khรดng hแบกn chแบฟ ๐๐
2022-06-14 10:16:09,887 - INFO - nikolaj-coster-waldau truy cแบญp - khรดng hแบกn chแบฟ ๐๐
2022-06-14 10:16:10,482 - INFO - valentines truy cแบญp - khรดng hแบกn chแบฟ ๐๐
2022-06-14 10:16:11,644 - WARNING - Thแบฑng lแบก nรo ฤแปnh cแบกy kรฉt nรy ๐๐๐ ?!!
2022-06-16 11:15:03,129 - WARNING - Thแบฑng lแบก nรo ฤแปnh cแบกy kรฉt nรy ๐๐๐ ?!!
2022-06-16 11:16:59,299 - WARNING - Thแบฑng lแบก nรo ฤแปnh cแบกy kรฉt nรy ๐๐๐ ?!!
2022-06-16 11:17:00,614 - WARNING - Thแบฑng lแบก nรo ฤแปnh cแบกy kรฉt nรy ๐๐๐ ?!!
2022-06-16 11:18:01,056 - INFO - valentines truy cแบญp - khรดng hแบกn chแบฟ ๐๐
2022-06-16 11:18:03,017 - INFO - justin truy cแบญp - khรดng hแบกn chแบฟ ๐๐
2022-06-16 11:18:11,076 - INFO - nikolaj-coster-waldau truy cแบญp - khรดng hแบกn chแบฟ ๐๐
2022-06-16 16:35:16,170 - WARNING - Thแบฑng lแบก nรo ฤแปnh cแบกy kรฉt nรy ๐๐๐ ?!!
2022-06-16 16:35:44,373 - INFO - valentines truy cแบญp - khรดng hแบกn chแบฟ ๐๐
2022-06-16 16:35:45,762 - INFO - nikolaj-coster-waldau truy cแบญp - khรดng hแบกn chแบฟ ๐๐
2022-06-16 16:37:25,426 - INFO - vuzz truy cแบญp - khรดng hแบกn chแบฟ ๐๐
2022-06-16 16:37:48,215 - WARNING - Thแบฑng lแบก nรo ฤแปnh cแบกy kรฉt nรy ๐๐๐ ?!!
2022-06-16 16:38:00,348 - INFO - vuzz truy cแบญp - khรดng hแบกn chแบฟ ๐๐
2022-06-16 16:38:18,232 - WARNING - Thแบฑng lแบก nรo ฤแปnh cแบกy kรฉt nรy ๐๐๐ ?!!
2022-06-16 16:39:00,540 - INFO - vuzz truy cแบญp - khรดng hแบกn chแบฟ ๐๐
2022-06-16 16:55:05,452 - WARNING - Thแบฑng lแบก nรo ฤแปnh cแบกy kรฉt nรy ๐๐๐ ?!!
2022-06-16 16:56:00,426 - WARNING - Thแบฑng lแบก nรo ฤแปnh cแบกy kรฉt nรy ๐๐๐ ?!!
2022-06-16 16:57:00,329 - WARNING - Thแบฑng lแบก nรo ฤแปnh cแบกy kรฉt nรy ๐๐๐ ?!!
2022-06-16 16:58:00,508 - WARNING - Thแบฑng lแบก nรo ฤแปnh cแบกy kรฉt nรy ๐๐๐ ?!!
2022-06-16 16:58:26,598 - INFO - vuzz truy cแบญp - khรดng hแบกn chแบฟ ๐๐
2022-06-16 19:56:37,820 - INFO - vu truy cแบญp - khรดng hแบกn chแบฟ ๐๐
2022-06-16 19:56:42,513 - WARNING - Thแบฑng lแบก nรo ฤแปnh cแบกy kรฉt nรy ๐๐๐ ?!!
2022-06-16 19:57:00,404 - INFO - vu truy cแบญp - khรดng hแบกn chแบฟ ๐๐
2022-06-16 19:57:01,115 - WARNING - Thแบฑng lแบก nรo ฤแปnh cแบกy kรฉt nรy ๐๐๐ ?!!
2022-06-16 19:57:29,647 - INFO - chipu truy cแบญp - khรดng hแบกn chแบฟ ๐๐
2022-06-16 19:58:00,429 - INFO - vu truy cแบญp - khรดng hแบกn chแบฟ ๐๐
2022-06-16 19:58:01,194 - WARNING - Thแบฑng lแบก nรo ฤแปnh cแบกy kรฉt nรy ๐๐๐ ?!!
2022-06-16 19:59:00,321 - WARNING - Thแบฑng lแบก nรo ฤแปnh cแบกy kรฉt nรy ๐๐๐ ?!!
2022-06-16 20:00:00,446 - WARNING - Thแบฑng lแบก nรo ฤแปnh cแบกy kรฉt nรy ๐๐๐ ?!!
2022-06-16 20:00:21,277 - INFO - vu truy cแบญp - khรดng hแบกn chแบฟ ๐๐
2022-06-16 20:01:00,501 - WARNING - Thแบฑng lแบก nรo ฤแปnh cแบกy kรฉt nรy ๐๐๐ ?!!
2022-06-16 20:01:01,723 - INFO - sontung truy cแบญp - khรดng hแบกn chแบฟ ๐๐
2022-06-16 20:01:02,131 - INFO - chipu truy cแบญp - khรดng hแบกn chแบฟ ๐๐
2022-06-16 20:02:00,348 - WARNING - Thแบฑng lแบก nรo ฤแปnh cแบกy kรฉt nรy ๐๐๐ ?!!
2022-06-16 20:03:00,378 - WARNING - Thแบฑng lแบก nรo ฤแปnh cแบกy kรฉt nรy ๐๐๐ ?!!
2022-06-16 20:03:00,851 - INFO - vu truy cแบญp - khรดng hแบกn chแบฟ ๐๐
2022-06-16 21:14:08,390 - INFO - vu truy cแบญp - khรดng hแบกn chแบฟ ๐๐
2022-06-16 21:14:15,566 - WARNING - Thแบฑng lแบก nรo ฤแปnh cแบกy kรฉt nรy ๐๐๐ ?!!
2022-06-16 21:41:14,593 - INFO - vu truy cแบญp - khรดng hแบกn chแบฟ ๐๐
2022-06-16 21:41:22,462 - WARNING - Thแบฑng lแบก nรo ฤแปnh cแบกy kรฉt nรy ๐๐๐ ?!!
2022-06-18 21:53:14,258 - INFO - vu truy cแบญp - khรดng hแบกn chแบฟ ๐๐
2022-06-18 21:53:16,703 - WARNING - Thแบฑng lแบก nรo ฤแปnh cแบกy kรฉt nรy ๐๐๐ ?!!
2022-06-20 10:19:25,932 - WARNING - Thแบฑng lแบก nรo ฤแปnh cแบกy kรฉt nรy ๐๐๐ ?!!
2022-06-20 10:20:01,267 - WARNING - Thแบฑng lแบก nรo ฤแปnh cแบกy kรฉt nรy ๐๐๐ ?!!
2022-06-20 10:21:01,525 - WARNING - Thแบฑng lแบก nรo ฤแปnh cแบกy kรฉt nรy ๐๐๐ ?!!
2022-06-20 10:22:28,426 - WARNING - Thแบฑng lแบก nรo ฤแปnh cแบกy kรฉt nรy ๐๐๐ ?!!
2022-06-20 10:24:56,813 - INFO - vu truy cแบญp - khรดng hแบกn chแบฟ ๐๐
2022-06-20 10:25:00,816 - WARNING - Thแบฑng lแบก nรo ฤแปnh cแบกy kรฉt nรy ๐๐๐ ?!!
2022-06-20 10:25:01,426 - WARNING - Thแบฑng lแบก nรo ฤแปnh cแบกy kรฉt nรy ๐๐๐ ?!!
2022-06-20 10:25:02,089 - INFO - vu truy cแบญp - khรดng hแบกn chแบฟ ๐๐
2022-06-20 10:37:37,814 - INFO - vu truy cแบญp - khรดng hแบกn chแบฟ ๐๐
2022-06-20 10:37:40,075 - WARNING - Thแบฑng lแบก nรo ฤแปnh cแบกy kรฉt nรy ๐๐๐ ?!!
2022-06-20 10:39:13,105 - INFO - vu truy cแบญp - khรดng hแบกn chแบฟ ๐๐
2022-06-20 10:39:15,167 - WARNING - Thแบฑng lแบก nรo ฤแปnh cแบกy kรฉt nรy ๐๐๐ ?!!
2022-06-20 10:40:04,663 - INFO - vu truy cแบญp - khรดng hแบกn chแบฟ ๐๐
2022-06-20 10:40:06,080 - WARNING - Thแบฑng lแบก nรo ฤแปnh cแบกy kรฉt nรy ๐๐๐ ?!!
2022-06-20 10:41:43,533 - INFO - vu truy cแบญp - khรดng hแบกn chแบฟ ๐๐
2022-06-20 11:04:15,077 - WARNING - Thแบฑng lแบก nรo ฤแปnh cแบกy kรฉt nรy ๐๐๐ ?!!
2022-06-20 11:04:15,397 - INFO - vu truy cแบญp - khรดng hแบกn chแบฟ ๐๐
2022-06-22 15:15:27,175 - WARNING - Thแบฑng lแบก nรo ฤแปnh cแบกy kรฉt nรy ๐๐๐ ?!!
2022-06-22 15:19:19,156 - INFO - vu truy cแบญp - khรดng hแบกn chแบฟ ๐๐
2022-06-22 15:19:22,116 - WARNING - Thแบฑng lแบก nรo ฤแปnh cแบกy kรฉt nรy ๐๐๐ ?!!
2022-06-22 15:21:21,123 - INFO - vu truy cแบญp - khรดng hแบกn chแบฟ ๐๐
2022-06-22 15:22:10,333 - INFO - vu truy cแบญp - khรดng hแบกn chแบฟ ๐๐
2022-06-22 15:23:23,733 - INFO - vu truy cแบญp - khรดng hแบกn chแบฟ ๐๐
2022-06-22 15:23:42,726 - WARNING - Thแบฑng lแบก nรo ฤแปnh cแบกy kรฉt nรy ๐๐๐ ?!!
2022-06-22 15:36:20,509 - INFO - vu truy cแบญp - khรดng hแบกn chแบฟ ๐๐
2022-06-22 15:37:19,421 - INFO - vu truy cแบญp - khรดng hแบกn chแบฟ ๐๐
2022-06-22 15:37:28,667 - WARNING - Thแบฑng lแบก nรo ฤแปnh cแบกy kรฉt nรy ๐๐๐ ?!!
2022-06-22 15:38:36,098 - WARNING - Thแบฑng lแบก nรo ฤแปnh cแบกy kรฉt nรy ๐๐๐ ?!!
2022-06-22 15:38:47,598 - INFO - vu truy cแบญp - khรดng hแบกn chแบฟ ๐๐
2022-06-22 15:39:01,421 - INFO - vu truy cแบญp - khรดng hแบกn chแบฟ ๐๐
2022-06-25 12:54:04,566 - WARNING - Thแบฑng lแบก nรo ฤแปnh cแบกy kรฉt nรy ๐๐๐ ?!!
2022-06-25 12:54:05,519 - INFO - vu truy cแบญp - khรดng hแบกn chแบฟ ๐๐
2022-06-25 12:55:12,928 - INFO - vu truy cแบญp - khรดng hแบกn chแบฟ ๐๐
2022-06-25 12:56:00,794 - INFO - vu truy cแบญp - khรดng hแบกn chแบฟ ๐๐
2022-06-25 12:56:12,240 - WARNING - Thแบฑng lแบก nรo ฤแปnh cแบกy kรฉt nรy ๐๐๐ ?!!
2022-06-25 12:57:40,385 - INFO - vu truy cแบญp - khรดng hแบกn chแบฟ ๐๐
2022-06-25 12:57:41,445 - WARNING - Thแบฑng lแบก nรo ฤแปnh cแบกy kรฉt nรy ๐๐๐ ?!!
2022-06-25 12:58:53,341 - WARNING - Thแบฑng lแบก nรo ฤแปnh cแบกy kรฉt nรy ๐๐๐ ?!!
2022-06-25 12:58:55,660 - INFO - vu truy cแบญp - khรดng hแบกn chแบฟ ๐๐
2022-06-25 12:59:01,309 - WARNING - Thแบฑng lแบก nรo ฤแปnh cแบกy kรฉt nรy ๐๐๐ ?!!
2022-06-25 12:59:05,901 - INFO - vu truy cแบญp - khรดng hแบกn chแบฟ ๐๐
2022-06-25 13:00:00,878 - WARNING - Thแบฑng lแบก nรo ฤแปnh cแบกy kรฉt nรy ๐๐๐ ?!!
2022-06-25 13:00:34,150 - INFO - khanh truy cแบญp - khรดng hแบกn chแบฟ ๐๐
2022-06-25 13:01:33,503 - WARNING - Thแบฑng lแบก nรo ฤแปnh cแบกy kรฉt nรy ๐๐๐ ?!!
2022-06-25 13:02:40,705 - WARNING - Thแบฑng lแบก nรo ฤแปnh cแบกy kรฉt nรy ๐๐๐ ?!!
2022-06-25 13:02:56,124 - INFO - vu truy cแบญp - khรดng hแบกn chแบฟ ๐๐
2022-06-25 13:04:30,192 - INFO - abcdefg truy cแบญp - khรดng hแบกn chแบฟ ๐๐
2022-06-25 13:04:32,472 - INFO - vu truy cแบญp - khรดng hแบกn chแบฟ ๐๐
2022-06-25 13:04:34,624 - WARNING - Thแบฑng lแบก nรo ฤแปnh cแบกy kรฉt nรy ๐๐๐ ?!!
2022-06-25 13:06:27,608 - INFO - vu truy cแบญp - khรดng hแบกn chแบฟ ๐๐
2022-06-25 13:06:38,990 - WARNING - Thแบฑng lแบก nรo ฤแปnh cแบกy kรฉt nรy ๐๐๐ ?!!
2022-06-25 13:07:42,590 - INFO - abcdefg truy cแบญp - khรดng hแบกn chแบฟ ๐๐
2022-06-25 13:07:44,467 - WARNING - Thแบฑng lแบก nรo ฤแปnh cแบกy kรฉt nรy ๐๐๐ ?!!
2022-06-25 13:07:47,248 - INFO - vu truy cแบญp - khรดng hแบกn chแบฟ ๐๐
2022-06-25 13:08:44,112 - WARNING - Thแบฑng lแบก nรo ฤแปnh cแบกy kรฉt nรy ๐๐๐ ?!!
2022-06-25 13:08:45,296 - INFO - ab123 truy cแบญp - khรดng hแบกn chแบฟ ๐๐
2022-06-25 13:09:01,921 - INFO - ab123 truy cแบญp - khรดng hแบกn chแบฟ ๐๐
2022-06-25 13:09:14,515 - INFO - abcdefg truy cแบญp - khรดng hแบกn chแบฟ ๐๐
2022-06-25 13:11:30,714 - INFO - ab123 truy cแบญp - khรดng hแบกn chแบฟ ๐๐
2022-06-25 13:23:48,719 - INFO - ab123 truy cแบญp - khรดng hแบกn chแบฟ ๐๐
