2022-05-05 11:54:06,169 - INFO - Valentines truy c蘯ｭp
2022-05-05 11:54:06,780 - INFO - Valentines truy c蘯ｭp
2022-05-05 11:54:07,263 - INFO - Valentines truy c蘯ｭp
2022-05-05 11:54:07,721 - INFO - Valentines truy c蘯ｭp
2022-05-05 11:54:08,175 - INFO - Valentines truy c蘯ｭp
2022-05-05 11:54:08,632 - INFO - Valentines truy c蘯ｭp
2022-05-05 11:54:09,090 - INFO - Valentines truy c蘯ｭp
2022-05-05 11:54:09,901 - WARNING - th蘯ｱng nﾃo l蘯｡ l蘯ｯm!!
2022-05-05 11:54:10,353 - WARNING - th蘯ｱng nﾃo l蘯｡ l蘯ｯm!!
2022-05-05 11:54:10,808 - WARNING - th蘯ｱng nﾃo l蘯｡ l蘯ｯm!!
2022-05-05 11:54:11,263 - WARNING - th蘯ｱng nﾃo l蘯｡ l蘯ｯm!!
2022-05-05 11:54:11,803 - INFO - Valentines truy c蘯ｭp
2022-05-05 11:54:12,258 - INFO - Valentines truy c蘯ｭp
2022-05-05 11:54:12,714 - INFO - Valentines truy c蘯ｭp
2022-05-05 11:54:13,174 - INFO - Valentines truy c蘯ｭp
2022-05-05 11:54:13,639 - INFO - Valentines truy c蘯ｭp
2022-05-05 12:00:56,072 - WARNING - Valentines truy c蘯ｭp - quy盻］ h蘯｡n ch蘯ｿ
2022-05-05 12:00:56,640 - WARNING - Valentines truy c蘯ｭp - quy盻］ h蘯｡n ch蘯ｿ
2022-05-05 12:00:57,151 - WARNING - Valentines truy c蘯ｭp - quy盻］ h蘯｡n ch蘯ｿ
2022-05-05 12:00:57,639 - WARNING - Valentines truy c蘯ｭp - quy盻］ h蘯｡n ch蘯ｿ
2022-05-05 12:00:58,100 - WARNING - Valentines truy c蘯ｭp - quy盻］ h蘯｡n ch蘯ｿ
2022-05-05 12:00:58,752 - WARNING - Valentines truy c蘯ｭp - quy盻］ h蘯｡n ch蘯ｿ
2022-05-05 12:00:59,245 - WARNING - Valentines truy c蘯ｭp - quy盻］ h蘯｡n ch蘯ｿ
2022-05-05 12:00:59,754 - WARNING - Valentines truy c蘯ｭp - quy盻］ h蘯｡n ch蘯ｿ
2022-05-05 12:01:00,233 - WARNING - Valentines truy c蘯ｭp - quy盻］ h蘯｡n ch蘯ｿ
2022-05-05 12:01:00,697 - WARNING - Valentines truy c蘯ｭp - quy盻］ h蘯｡n ch蘯ｿ
2022-05-05 12:01:01,154 - WARNING - Valentines truy c蘯ｭp - quy盻］ h蘯｡n ch蘯ｿ
2022-05-05 12:01:01,611 - WARNING - Valentines truy c蘯ｭp - quy盻］ h蘯｡n ch蘯ｿ
2022-05-05 12:01:02,069 - WARNING - Valentines truy c蘯ｭp - quy盻］ h蘯｡n ch蘯ｿ
2022-05-05 12:01:02,526 - WARNING - Valentines truy c蘯ｭp - quy盻］ h蘯｡n ch蘯ｿ
2022-05-05 12:01:02,979 - WARNING - Valentines truy c蘯ｭp - quy盻］ h蘯｡n ch蘯ｿ
2022-05-05 12:01:03,436 - WARNING - Valentines truy c蘯ｭp - quy盻］ h蘯｡n ch蘯ｿ
2022-05-05 12:01:03,909 - WARNING - Valentines truy c蘯ｭp - quy盻］ h蘯｡n ch蘯ｿ
2022-05-05 12:01:04,374 - WARNING - Valentines truy c蘯ｭp - quy盻］ h蘯｡n ch蘯ｿ
2022-05-05 12:01:04,842 - WARNING - Valentines truy c蘯ｭp - quy盻］ h蘯｡n ch蘯ｿ
2022-05-05 12:01:05,329 - WARNING - Valentines truy c蘯ｭp - quy盻］ h蘯｡n ch蘯ｿ
2022-05-05 12:01:05,943 - WARNING - Valentines truy c蘯ｭp - quy盻］ h蘯｡n ch蘯ｿ
2022-05-05 12:01:06,450 - WARNING - Valentines truy c蘯ｭp - quy盻］ h蘯｡n ch蘯ｿ
2022-05-05 12:01:06,957 - WARNING - Valentines truy c蘯ｭp - quy盻］ h蘯｡n ch蘯ｿ
2022-05-05 12:01:07,483 - WARNING - Valentines truy c蘯ｭp - quy盻］ h蘯｡n ch蘯ｿ
2022-05-05 12:01:07,969 - WARNING - Valentines truy c蘯ｭp - quy盻］ h蘯｡n ch蘯ｿ
2022-05-05 12:01:08,437 - WARNING - Valentines truy c蘯ｭp - quy盻］ h蘯｡n ch蘯ｿ
2022-05-05 12:01:08,898 - WARNING - Valentines truy c蘯ｭp - quy盻］ h蘯｡n ch蘯ｿ
2022-05-05 12:02:36,043 - INFO - Valentines truy c蘯ｭp - khﾃｴng h蘯｡n ch蘯ｿ
2022-05-05 12:02:36,578 - INFO - Valentines truy c蘯ｭp - khﾃｴng h蘯｡n ch蘯ｿ
2022-05-05 12:02:37,049 - INFO - Valentines truy c蘯ｭp - khﾃｴng h蘯｡n ch蘯ｿ
2022-05-05 12:02:37,505 - INFO - Valentines truy c蘯ｭp - khﾃｴng h蘯｡n ch蘯ｿ
2022-05-05 12:02:37,961 - INFO - Valentines truy c蘯ｭp - khﾃｴng h蘯｡n ch蘯ｿ
2022-05-05 12:02:38,416 - INFO - Valentines truy c蘯ｭp - khﾃｴng h蘯｡n ch蘯ｿ
2022-05-05 12:02:38,870 - INFO - Valentines truy c蘯ｭp - khﾃｴng h蘯｡n ch蘯ｿ
2022-05-05 12:02:39,325 - INFO - Valentines truy c蘯ｭp - khﾃｴng h蘯｡n ch蘯ｿ
2022-05-05 12:02:39,779 - INFO - Valentines truy c蘯ｭp - khﾃｴng h蘯｡n ch蘯ｿ
2022-05-05 12:02:40,232 - INFO - Valentines truy c蘯ｭp - khﾃｴng h蘯｡n ch蘯ｿ
2022-05-05 12:13:34,428 - INFO - Valentines truy c蘯ｭp - khﾃｴng h蘯｡n ch蘯ｿ
2022-05-05 12:13:34,959 - INFO - Valentines truy c蘯ｭp - khﾃｴng h蘯｡n ch蘯ｿ
2022-05-05 12:13:35,420 - INFO - Valentines truy c蘯ｭp - khﾃｴng h蘯｡n ch蘯ｿ
2022-05-05 12:13:35,879 - INFO - Valentines truy c蘯ｭp - khﾃｴng h蘯｡n ch蘯ｿ
2022-05-05 12:13:36,342 - INFO - Valentines truy c蘯ｭp - khﾃｴng h蘯｡n ch蘯ｿ
2022-05-05 12:13:37,388 - WARNING - Th蘯ｱng l蘯｡ nﾃo ﾄ黛ｻ杵h c蘯｡y kﾃｩt nﾃy :v ?!!
2022-05-05 12:13:37,845 - WARNING - Quy truy c蘯ｭp - quy盻］ h蘯｡n ch蘯ｿ
2022-05-05 12:13:38,297 - WARNING - Th蘯ｱng l蘯｡ nﾃo ﾄ黛ｻ杵h c蘯｡y kﾃｩt nﾃy :v ?!!
2022-05-05 12:13:38,752 - WARNING - Th蘯ｱng l蘯｡ nﾃo ﾄ黛ｻ杵h c蘯｡y kﾃｩt nﾃy :v ?!!
2022-05-05 12:13:39,206 - WARNING - Th蘯ｱng l蘯｡ nﾃo ﾄ黛ｻ杵h c蘯｡y kﾃｩt nﾃy :v ?!!
2022-05-05 12:13:39,747 - INFO - Valentines truy c蘯ｭp - khﾃｴng h蘯｡n ch蘯ｿ
2022-05-05 12:13:40,202 - INFO - Valentines truy c蘯ｭp - khﾃｴng h蘯｡n ch蘯ｿ
2022-05-05 12:13:40,685 - INFO - Valentines truy c蘯ｭp - khﾃｴng h蘯｡n ch蘯ｿ
2022-05-05 12:13:41,175 - INFO - Valentines truy c蘯ｭp - khﾃｴng h蘯｡n ch蘯ｿ
2022-05-05 12:13:41,703 - INFO - Valentines truy c蘯ｭp - khﾃｴng h蘯｡n ch蘯ｿ
2022-05-05 12:13:42,159 - INFO - Valentines truy c蘯ｭp - khﾃｴng h蘯｡n ch蘯ｿ
2022-05-05 12:15:59,947 - INFO - Valentines truy c蘯ｭp - khﾃｴng h蘯｡n ch蘯ｿ 沽晰沽
2022-05-05 12:16:00,492 - INFO - Valentines truy c蘯ｭp - khﾃｴng h蘯｡n ch蘯ｿ 沽晰沽
2022-05-05 12:16:00,963 - INFO - Valentines truy c蘯ｭp - khﾃｴng h蘯｡n ch蘯ｿ 沽晰沽
2022-05-05 12:16:01,425 - INFO - Valentines truy c蘯ｭp - khﾃｴng h蘯｡n ch蘯ｿ 沽晰沽
2022-05-05 12:16:01,942 - INFO - Valentines truy c蘯ｭp - khﾃｴng h蘯｡n ch蘯ｿ 沽晰沽
2022-05-05 12:16:02,423 - INFO - Valentines truy c蘯ｭp - khﾃｴng h蘯｡n ch蘯ｿ 沽晰沽
2022-05-05 12:16:02,925 - INFO - Valentines truy c蘯ｭp - khﾃｴng h蘯｡n ch蘯ｿ 沽晰沽
2022-05-05 12:16:03,536 - INFO - Valentines truy c蘯ｭp - khﾃｴng h蘯｡n ch蘯ｿ 沽晰沽
2022-05-05 12:16:04,021 - INFO - Valentines truy c蘯ｭp - khﾃｴng h蘯｡n ch蘯ｿ 沽晰沽
2022-05-05 12:16:04,482 - INFO - Valentines truy c蘯ｭp - khﾃｴng h蘯｡n ch蘯ｿ 沽晰沽
2022-05-05 12:16:05,062 - INFO - Valentines truy c蘯ｭp - khﾃｴng h蘯｡n ch蘯ｿ 沽晰沽
2022-05-05 12:16:05,582 - INFO - Valentines truy c蘯ｭp - khﾃｴng h蘯｡n ch蘯ｿ 沽晰沽
2022-05-05 12:16:06,090 - INFO - Valentines truy c蘯ｭp - khﾃｴng h蘯｡n ch蘯ｿ 沽晰沽
2022-05-05 12:16:06,561 - INFO - Valentines truy c蘯ｭp - khﾃｴng h蘯｡n ch蘯ｿ 沽晰沽
2022-05-05 12:16:07,033 - INFO - Valentines truy c蘯ｭp - khﾃｴng h蘯｡n ch蘯ｿ 沽晰沽
2022-05-05 12:16:07,518 - INFO - Valentines truy c蘯ｭp - khﾃｴng h蘯｡n ch蘯ｿ 沽晰沽
2022-05-05 12:16:07,999 - INFO - Valentines truy c蘯ｭp - khﾃｴng h蘯｡n ch蘯ｿ 沽晰沽
2022-05-05 12:16:08,706 - INFO - Valentines truy c蘯ｭp - khﾃｴng h蘯｡n ch蘯ｿ 沽晰沽
2022-05-05 12:16:09,190 - INFO - Valentines truy c蘯ｭp - khﾃｴng h蘯｡n ch蘯ｿ 沽晰沽
2022-05-05 12:16:09,703 - INFO - Valentines truy c蘯ｭp - khﾃｴng h蘯｡n ch蘯ｿ 沽晰沽
2022-05-05 12:16:10,203 - INFO - Valentines truy c蘯ｭp - khﾃｴng h蘯｡n ch蘯ｿ 沽晰沽
2022-05-05 12:16:10,707 - INFO - Valentines truy c蘯ｭp - khﾃｴng h蘯｡n ch蘯ｿ 沽晰沽
2022-05-05 12:16:11,185 - INFO - Valentines truy c蘯ｭp - khﾃｴng h蘯｡n ch蘯ｿ 沽晰沽
2022-05-05 12:16:11,663 - INFO - Valentines truy c蘯ｭp - khﾃｴng h蘯｡n ch蘯ｿ 沽晰沽
2022-05-05 12:16:12,123 - INFO - Valentines truy c蘯ｭp - khﾃｴng h蘯｡n ch蘯ｿ 沽晰沽
2022-05-05 12:16:12,584 - INFO - Valentines truy c蘯ｭp - khﾃｴng h蘯｡n ch蘯ｿ 沽晰沽
2022-05-05 12:16:13,045 - INFO - Valentines truy c蘯ｭp - khﾃｴng h蘯｡n ch蘯ｿ 沽晰沽
2022-05-05 12:16:13,504 - INFO - Valentines truy c蘯ｭp - khﾃｴng h蘯｡n ch蘯ｿ 沽晰沽
2022-05-05 12:16:31,961 - INFO - Valentines truy c蘯ｭp - khﾃｴng h蘯｡n ch蘯ｿ 沽晰沽
2022-05-05 12:16:32,420 - INFO - Valentines truy c蘯ｭp - khﾃｴng h蘯｡n ch蘯ｿ 沽晰沽
2022-05-05 12:16:32,960 - INFO - Valentines truy c蘯ｭp - khﾃｴng h蘯｡n ch蘯ｿ 沽晰沽
2022-05-05 12:16:33,424 - INFO - Valentines truy c蘯ｭp - khﾃｴng h蘯｡n ch蘯ｿ 沽晰沽
2022-05-05 12:16:33,901 - INFO - Valentines truy c蘯ｭp - khﾃｴng h蘯｡n ch蘯ｿ 沽晰沽
2022-05-05 12:18:17,088 - INFO - Valentines truy c蘯ｭp - khﾃｴng h蘯｡n ch蘯ｿ 沽晰沽
2022-05-05 12:19:01,569 - INFO - Valentines truy c蘯ｭp - khﾃｴng h蘯｡n ch蘯ｿ 沽晰沽
2022-05-05 12:19:02,146 - INFO - Valentines truy c蘯ｭp - khﾃｴng h蘯｡n ch蘯ｿ 沽晰沽
2022-05-05 12:19:02,649 - INFO - Valentines truy c蘯ｭp - khﾃｴng h蘯｡n ch蘯ｿ 沽晰沽
2022-05-05 12:19:03,107 - INFO - Valentines truy c蘯ｭp - khﾃｴng h蘯｡n ch蘯ｿ 沽晰沽
2022-05-05 12:19:03,565 - INFO - Valentines truy c蘯ｭp - khﾃｴng h蘯｡n ch蘯ｿ 沽晰沽
2022-05-05 12:19:04,018 - INFO - Valentines truy c蘯ｭp - khﾃｴng h蘯｡n ch蘯ｿ 沽晰沽
2022-05-05 12:19:04,472 - INFO - Valentines truy c蘯ｭp - khﾃｴng h蘯｡n ch蘯ｿ 沽晰沽
2022-05-05 12:19:04,929 - INFO - Valentines truy c蘯ｭp - khﾃｴng h蘯｡n ch蘯ｿ 沽晰沽
2022-05-05 12:19:05,385 - INFO - Valentines truy c蘯ｭp - khﾃｴng h蘯｡n ch蘯ｿ 沽晰沽
2022-05-05 12:19:05,840 - INFO - Valentines truy c蘯ｭp - khﾃｴng h蘯｡n ch蘯ｿ 沽晰沽
2022-05-05 12:19:06,295 - INFO - Valentines truy c蘯ｭp - khﾃｴng h蘯｡n ch蘯ｿ 沽晰沽
