2022-05-29 00:53:48,356 - INFO - zz4 truy cแบญp - khรดng hแบกn chแบฟ ๐๐
2022-05-29 00:57:53,615 - INFO - zz4 truy cแบญp - khรดng hแบกn chแบฟ ๐๐
2022-05-29 00:57:56,093 - WARNING - Thแบฑng lแบก nรo ฤแปnh cแบกy kรฉt nรy ๐๐๐ ?!!
2022-05-29 00:58:00,376 - WARNING - Thแบฑng lแบก nรo ฤแปnh cแบกy kรฉt nรy ๐๐๐ ?!!
2022-05-29 00:58:03,227 - INFO - zz4 truy cแบญp - khรดng hแบกn chแบฟ ๐๐
2022-05-29 01:03:46,294 - INFO - vu truy cแบญp - khรดng hแบกn chแบฟ ๐๐
2022-05-29 01:04:00,547 - INFO - vu truy cแบญp - khรดng hแบกn chแบฟ ๐๐
2022-05-29 21:40:52,746 - INFO - vuu truy cแบญp - khรดng hแบกn chแบฟ ๐๐
2022-05-29 21:40:52,992 - INFO - justin truy cแบญp - khรดng hแบกn chแบฟ ๐๐
2022-05-29 21:40:53,197 - WARNING - Thแบฑng lแบก nรo ฤแปnh cแบกy kรฉt nรy ๐๐๐ ?!!
2022-05-29 21:41:00,510 - INFO - vuu truy cแบญp - khรดng hแบกn chแบฟ ๐๐
2022-05-29 21:41:01,340 - WARNING - Thแบฑng lแบก nรo ฤแปnh cแบกy kรฉt nรy ๐๐๐ ?!!
2022-05-29 21:41:02,840 - INFO - justin truy cแบญp - khรดng hแบกn chแบฟ ๐๐
2022-05-29 21:43:01,684 - INFO - vuu truy cแบญp - khรดng hแบกn chแบฟ ๐๐
2022-05-29 21:43:03,023 - INFO - vu2 truy cแบญp - khรดng hแบกn chแบฟ ๐๐
2022-05-29 21:43:28,644 - WARNING - Thแบฑng lแบก nรo ฤแปnh cแบกy kรฉt nรy ๐๐๐ ?!!
2022-05-29 21:46:49,121 - WARNING - Thแบฑng lแบก nรo ฤแปnh cแบกy kรฉt nรy ๐๐๐ ?!!
2022-05-29 21:47:00,827 - WARNING - Thแบฑng lแบก nรo ฤแปnh cแบกy kรฉt nรy ๐๐๐ ?!!
2022-05-29 21:47:03,122 - INFO - kit-harington truy cแบญp - khรดng hแบกn chแบฟ ๐๐
2022-05-29 21:47:03,626 - INFO - vu1 truy cแบญp - khรดng hแบกn chแบฟ ๐๐
2022-05-30 01:31:49,157 - INFO - yyy truy cแบญp - khรดng hแบกn chแบฟ ๐๐
2022-05-30 01:32:00,616 - INFO - yyy truy cแบญp - khรดng hแบกn chแบฟ ๐๐
2022-05-30 01:34:06,856 - INFO - zzz truy cแบญp - khรดng hแบกn chแบฟ ๐๐
2022-05-30 01:34:19,653 - INFO - yyy truy cแบญp - khรดng hแบกn chแบฟ ๐๐
2022-06-02 20:25:02,077 - WARNING - Thแบฑng lแบก nรo ฤแปnh cแบกy kรฉt nรy ๐๐๐ ?!!
2022-06-02 20:54:06,650 - WARNING - Thแบฑng lแบก nรo ฤแปnh cแบกy kรฉt nรy ๐๐๐ ?!!
2022-06-02 20:55:00,487 - WARNING - Thแบฑng lแบก nรo ฤแปnh cแบกy kรฉt nรy ๐๐๐ ?!!
2022-06-02 20:55:56,834 - INFO - vu3 truy cแบญp - khรดng hแบกn chแบฟ ๐๐
2022-06-02 20:55:58,001 - INFO - vu123 truy cแบญp - khรดng hแบกn chแบฟ ๐๐
2022-06-02 20:56:00,259 - INFO - vu123 truy cแบญp - khรดng hแบกn chแบฟ ๐๐
2022-06-02 20:56:01,665 - INFO - kit-harington truy cแบญp - khรดng hแบกn chแบฟ ๐๐
2022-06-02 20:56:02,847 - INFO - vu3 truy cแบญp - khรดng hแบกn chแบฟ ๐๐
